[0.039s] Invoking command in '/home/orin_nano/ur_fyp_ws/src/ROS2_ur_moveit_examples/build/ros2_ur_moveit_examples': CMAKE_CXX_FLAGS=-I/home/orin_nano/ros2_ws/src/magic_enum/include/magic_enum -I/usr/local/include CMAKE_PREFIX_PATH=/opt/ros/humble:${CMAKE_PREFIX_PATH} /usr/bin/cmake /home/orin_nano/ur_fyp_ws/src/ROS2_ur_moveit_examples -DCMAKE_INSTALL_PREFIX=/home/orin_nano/ur_fyp_ws/src/ROS2_ur_moveit_examples/install/ros2_ur_moveit_examples
[0.157s] -- The C compiler identification is GNU 11.4.0
[0.295s] -- The CXX compiler identification is GNU 11.4.0
[0.316s] -- Detecting C compiler ABI info
[0.470s] -- Detecting C compiler ABI info - done
[0.496s] -- Check for working C compiler: /usr/bin/cc - skipped
[0.497s] -- Detecting C compile features
[0.499s] -- Detecting C compile features - done
[0.511s] -- Detecting CXX compiler ABI info
[0.711s] -- Detecting CXX compiler ABI info - done
[0.728s] -- Check for working CXX compiler: /usr/bin/c++ - skipped
[0.729s] -- Detecting CXX compile features
[0.730s] -- Detecting CXX compile features - done
[1.154s] -- Found Boost: /usr/lib/aarch64-linux-gnu/cmake/Boost-1.74.0/BoostConfig.cmake (found version "1.74.0") found components: system filesystem date_time thread 
[1.162s] -- Found ament_cmake: 1.3.12 (/opt/ros/humble/share/ament_cmake/cmake)
[1.535s] -- Found Python3: /usr/bin/python3 (found version "3.10.12") found components: Interpreter 
[1.760s] -- Found control_msgs: 4.8.0 (/opt/ros/humble/share/control_msgs/cmake)
[1.842s] -- Found rosidl_generator_c: 3.1.7 (/opt/ros/humble/share/rosidl_generator_c/cmake)
[1.851s] -- Found rosidl_adapter: 3.1.7 (/opt/ros/humble/share/rosidl_adapter/cmake)
[1.868s] -- Found rosidl_generator_cpp: 3.1.7 (/opt/ros/humble/share/rosidl_generator_cpp/cmake)
[1.895s] -- Using all available rosidl_typesupport_c: rosidl_typesupport_fastrtps_c;rosidl_typesupport_introspection_c
[1.925s] -- Using all available rosidl_typesupport_cpp: rosidl_typesupport_fastrtps_cpp;rosidl_typesupport_introspection_cpp
[2.153s] -- Found moveit_common: 2.5.9 (/opt/ros/humble/share/moveit_common/cmake)
[2.157s] -- Found moveit_core: 2.5.9 (/opt/ros/humble/share/moveit_core/cmake)
[2.193s] -- Found Boost: /usr/lib/aarch64-linux-gnu/cmake/Boost-1.74.0/BoostConfig.cmake (found version "1.74.0") found components: chrono date_time filesystem iostreams program_options regex serialization system thread 
[2.283s] -- Found parameter_traits: 0.5.0 (/opt/ros/humble/share/parameter_traits/cmake)
[2.362s] -- Found rmw_implementation_cmake: 6.1.2 (/opt/ros/humble/share/rmw_implementation_cmake/cmake)
[2.367s] -- Found rmw_fastrtps_cpp: 6.2.8 (/opt/ros/humble/share/rmw_fastrtps_cpp/cmake)
[2.568s] -- Found OpenSSL: /usr/lib/aarch64-linux-gnu/libcrypto.so (found version "3.0.2")  
[2.637s] -- Found FastRTPS: /opt/ros/humble/include  
[2.726s] -- Using RMW implementation 'rmw_fastrtps_cpp' as default
[2.745s] -- Found Threads: TRUE  
[2.837s] -- Found rclcpp_lifecycle: 16.0.15 (/opt/ros/humble/share/rclcpp_lifecycle/cmake)
[2.886s] -- Found Boost: /usr/lib/aarch64-linux-gnu/cmake/Boost-1.74.0/BoostConfig.cmake (found version "1.74.0") found components: filesystem 
[3.059s] -- library: /usr/lib/aarch64-linux-gnu/libcurl.so
[3.164s] -- Found Eigen3: TRUE (found version "3.4.0") 
[3.164s] -- Ensuring Eigen3 include directory is part of orocos-kdl CMake target
[3.544s] -- Found moveit_ros_planning: 2.5.9 (/opt/ros/humble/share/moveit_ros_planning/cmake)
[3.554s] -- Found Boost: /usr/lib/aarch64-linux-gnu/cmake/Boost-1.74.0/BoostConfig.cmake (found version "1.74.0") found components: system filesystem date_time program_options thread chrono 
[3.598s] -- Found moveit_ros_planning_interface: 2.5.9 (/opt/ros/humble/share/moveit_ros_planning_interface/cmake)
[3.607s] -- Found Boost: /usr/lib/aarch64-linux-gnu/cmake/Boost-1.74.0/BoostConfig.cmake (found version "1.74.0") found components: date_time filesystem program_options system thread 
[3.634s] -- Found Boost: /usr/lib/aarch64-linux-gnu/cmake/Boost-1.74.0/BoostConfig.cmake (found version "1.74.0") found components: thread system filesystem regex date_time program_options 
[3.675s] -- Found Boost: /usr/lib/aarch64-linux-gnu/cmake/Boost-1.74.0/BoostConfig.cmake (found version "1.74.0") found components: system filesystem date_time program_options thread 
[3.727s] -- Found moveit_servo: 2.5.9 (/opt/ros/humble/share/moveit_servo/cmake)
[3.803s] -- Found interactive_markers: 2.3.2 (/opt/ros/humble/share/interactive_markers/cmake)
[3.810s] -- Found rviz_visual_tools: 4.1.4 (/opt/ros/humble/share/rviz_visual_tools/cmake)
[3.864s] -- Setting assimp_DIR to: '/opt/ros/humble/share/rviz_assimp_vendor/cmake/../../../opt/rviz_assimp_vendor/lib/cmake/assimp-4.1'
[3.878s] -- Setting OGRE_DIR to: '/opt/ros/humble/share/rviz_ogre_vendor/cmake/../../../opt/rviz_ogre_vendor/lib/OGRE/cmake'
[3.881s] -- Found OGRE
[3.881s] --   static     : OFF
[3.882s] --   components : HLMS;MeshLodGenerator;Overlay;Paging;Property;RTShaderSystem;Terrain;Volume
[3.882s] --   plugins    : Plugin_BSPSceneManager;Plugin_OctreeSceneManager;Plugin_PCZSceneManager;Plugin_ParticleFX;RenderSystem_GL;RenderSystem_GL3Plus;Codec_STBI
[3.882s] --   media      : /opt/ros/humble/opt/rviz_ogre_vendor/share/OGRE/Media
[3.882s] -- OGRE_LIBRARIES: OgreHLMS;OgreMeshLodGenerator;OgreOverlay;OgrePaging;OgreProperty;OgreRTShaderSystem;OgreTerrain;OgreVolume;OgreMain
[3.883s] -- OGRE_LIBRARY_DIRS: /opt/ros/humble/opt/rviz_ogre_vendor/lib
[3.883s] -- OGRE_PLUGINS: Plugin_BSPSceneManager;Plugin_OctreeSceneManager;Plugin_PCZSceneManager;Plugin_ParticleFX;RenderSystem_GL;RenderSystem_GL3Plus;Codec_STBI
[3.883s] -- OGRE_PLUGIN_DIR: /opt/ros/humble/opt/rviz_ogre_vendor/lib/OGRE
[3.883s] -- rviz_ogre_vendor::OgreOverlay for IMPORTED_LOCATION_RELEASE: /opt/ros/humble/opt/rviz_ogre_vendor/lib/libOgreOverlay.so
[3.884s] -- rviz_ogre_vendor::OgreOverlay for IMPORTED_LOCATION_DEBUG: /opt/ros/humble/opt/rviz_ogre_vendor/lib/libOgreOverlay.so
[3.884s] -- rviz_ogre_vendor::OgreMain for IMPORTED_LOCATION_RELEASE: /opt/ros/humble/opt/rviz_ogre_vendor/lib/libOgreMain.so
[3.884s] -- rviz_ogre_vendor::OgreMain for IMPORTED_LOCATION_DEBUG: /opt/ros/humble/opt/rviz_ogre_vendor/lib/libOgreMain.so
[3.924s] -- Found ZLIB: /usr/lib/aarch64-linux-gnu/libz.so (found version "1.2.11") 
[3.935s] -- Found OpenGL: /usr/lib/aarch64-linux-gnu/libOpenGL.so   
[4.140s] -- Found X11: /usr/include   
[4.141s] -- Looking for XOpenDisplay in /usr/lib/aarch64-linux-gnu/libX11.so;/usr/lib/aarch64-linux-gnu/libXext.so
[4.318s] -- Looking for XOpenDisplay in /usr/lib/aarch64-linux-gnu/libX11.so;/usr/lib/aarch64-linux-gnu/libXext.so - found
[4.318s] -- Looking for gethostbyname
[4.489s] -- Looking for gethostbyname - found
[4.490s] -- Looking for connect
[4.646s] -- Looking for connect - found
[4.647s] -- Looking for remove
[4.823s] -- Looking for remove - found
[4.823s] -- Looking for shmat
[4.985s] -- Looking for shmat - found
[4.985s] -- Looking for IceConnectionNumber in ICE
[5.163s] -- Looking for IceConnectionNumber in ICE - found
[5.332s] -- Found moveit_visual_tools: 4.1.2 (/opt/ros/humble/share/moveit_visual_tools/cmake)
[5.400s] -- Found ur_msgs: 2.3.0 (/opt/ros/humble/share/ur_msgs/cmake)
[5.482s] -- Found ament_lint_auto: 0.12.14 (/opt/ros/humble/share/ament_lint_auto/cmake)
[5.734s] -- Added test 'cppcheck' to perform static code analysis on C / C++ code
[5.740s] -- Configured cppcheck include dirs: /home/orin_nano/ur_fyp_ws/src/ROS2_ur_moveit_examples/include
[5.740s] -- Configured cppcheck exclude dirs and/or files: 
[5.744s] -- Added test 'flake8' to check Python code syntax and style conventions
[5.750s] -- Added test 'lint_cmake' to check CMake code style
[5.754s] -- Added test 'pep257' to check Python code against some of the docstring style conventions in PEP 257
[5.771s] -- Added test 'uncrustify' to check C / C++ code style
[5.772s] -- Configured uncrustify additional arguments: 
[5.774s] -- Added test 'xmllint' to check XML markup files
[5.777s] -- Configuring done
[6.072s] -- Generating done
[6.162s] -- Build files have been written to: /home/orin_nano/ur_fyp_ws/src/ROS2_ur_moveit_examples/build/ros2_ur_moveit_examples
[6.219s] Invoked command in '/home/orin_nano/ur_fyp_ws/src/ROS2_ur_moveit_examples/build/ros2_ur_moveit_examples' returned '0': CMAKE_CXX_FLAGS=-I/home/orin_nano/ros2_ws/src/magic_enum/include/magic_enum -I/usr/local/include CMAKE_PREFIX_PATH=/opt/ros/humble:${CMAKE_PREFIX_PATH} /usr/bin/cmake /home/orin_nano/ur_fyp_ws/src/ROS2_ur_moveit_examples -DCMAKE_INSTALL_PREFIX=/home/orin_nano/ur_fyp_ws/src/ROS2_ur_moveit_examples/install/ros2_ur_moveit_examples
[6.223s] Invoking command in '/home/orin_nano/ur_fyp_ws/src/ROS2_ur_moveit_examples/build/ros2_ur_moveit_examples': CMAKE_CXX_FLAGS=-I/home/orin_nano/ros2_ws/src/magic_enum/include/magic_enum -I/usr/local/include CMAKE_PREFIX_PATH=/opt/ros/humble:${CMAKE_PREFIX_PATH} /usr/bin/cmake --build /home/orin_nano/ur_fyp_ws/src/ROS2_ur_moveit_examples/build/ros2_ur_moveit_examples -- -j6 -l6
[6.350s] [ 11%] [32mBuilding CXX object CMakeFiles/hello_moveit.dir/src/hello_moveit.cpp.o[0m
[6.351s] [ 22%] [32mBuilding CXX object CMakeFiles/pick_from_detection.dir/src/pick_from_detection.cpp.o[0m
[6.351s] [ 22%] [32mBuilding CXX object CMakeFiles/kinematics.dir/src/kinematics.cpp.o[0m
[6.352s] [ 22%] [32mBuilding CXX object CMakeFiles/planning_scene_service.dir/src/planning_scene_service.cpp.o[0m
[6.361s] [ 27%] [32mBuilding CXX object CMakeFiles/check_collisions.dir/src/check_collisions.cpp.o[0m
[6.382s] [ 33%] [32mBuilding CXX object CMakeFiles/planning_scene.dir/src/planning_scene.cpp.o[0m
